DEB [20190226-19:04:58.407] thr=1   paramiko.transport: starting thread (client mode): 0x43d2850L
DEB [20190226-19:04:58.408] thr=1   paramiko.transport: Local version/idstring: SSH-2.0-paramiko_2.4.2
DEB [20190226-19:04:58.485] thr=1   paramiko.transport: Remote version/idstring: SSH-2.0-OpenSSH_7.9p1 Debian-5
INF [20190226-19:04:58.485] thr=1   paramiko.transport: Connected (version 2.0, client OpenSSH_7.9p1)
DEB [20190226-19:04:58.491] thr=1   paramiko.transport: kex algos:[u'curve25519-sha256', u'curve25519-sha256@libssh.org', u'ecdh-sha2-nistp256', u'ecdh-sha2-nistp384', u'ecdh-sha2-nistp521', u'diffie-hellman-group-exchange-sha256', u'diffie-hellman-group16-sha512', u'diffie-hellman-group18-sha512', u'diffie-hellman-group14-sha256', u'diffie-hellman-group14-sha1'] server key:[u'rsa-sha2-512', u'rsa-sha2-256', u'ssh-rsa', u'ecdsa-sha2-nistp256', u'ssh-ed25519'] client encrypt:[u'chacha20-poly1305@openssh.com', u'aes128-ctr', u'aes192-ctr', u'aes256-ctr', u'aes128-gcm@openssh.com', u'aes256-gcm@openssh.com'] server encrypt:[u'chacha20-poly1305@openssh.com', u'aes128-ctr', u'aes192-ctr', u'aes256-ctr', u'aes128-gcm@openssh.com', u'aes256-gcm@openssh.com'] client mac:[u'umac-64-etm@openssh.com', u'umac-128-etm@openssh.com', u'hmac-sha2-256-etm@openssh.com', u'hmac-sha2-512-etm@openssh.com', u'hmac-sha1-etm@openssh.com', u'umac-64@openssh.com', u'umac-128@openssh.com', u'hmac-sha2-256', u'hmac-sha2-512', u'hmac-sha1'] server mac:[u'umac-64-etm@openssh.com', u'umac-128-etm@openssh.com', u'hmac-sha2-256-etm@openssh.com', u'hmac-sha2-512-etm@openssh.com', u'hmac-sha1-etm@openssh.com', u'umac-64@openssh.com', u'umac-128@openssh.com', u'hmac-sha2-256', u'hmac-sha2-512', u'hmac-sha1'] client compress:[u'none', u'zlib@openssh.com'] server compress:[u'none', u'zlib@openssh.com'] client lang:[u''] server lang:[u''] kex follows?False
DEB [20190226-19:04:58.491] thr=1   paramiko.transport: Kex agreed: ecdh-sha2-nistp256
DEB [20190226-19:04:58.491] thr=1   paramiko.transport: HostKey agreed: ssh-ed25519
DEB [20190226-19:04:58.491] thr=1   paramiko.transport: Cipher agreed: aes128-ctr
DEB [20190226-19:04:58.492] thr=1   paramiko.transport: MAC agreed: hmac-sha2-256
DEB [20190226-19:04:58.492] thr=1   paramiko.transport: Compression agreed: none
DEB [20190226-19:04:58.640] thr=1   paramiko.transport: kex engine KexNistp256 specified hash_algo <built-in function openssl_sha256>
DEB [20190226-19:04:58.642] thr=1   paramiko.transport: Switch to new keys ...
DEB [20190226-19:04:58.653] thr=2   paramiko.transport: Adding ssh-ed25519 host key for 192.168.1.240: 9c058c92dbb0fe8c956ecda013016217
DEB [20190226-19:04:58.720] thr=1   paramiko.transport: userauth is OK
INF [20190226-19:04:58.962] thr=1   paramiko.transport: Authentication (password) successful!
DEB [20190226-19:04:58.966] thr=2   paramiko.transport: [chan 0] Max packet in: 32768 bytes
DEB [20190226-19:04:59.034] thr=1   paramiko.transport: Received global request "hostkeys-00@openssh.com"
DEB [20190226-19:04:59.034] thr=1   paramiko.transport: Rejecting "hostkeys-00@openssh.com" global request from server.
DEB [20190226-19:04:59.039] thr=1   paramiko.transport: [chan 0] Max packet out: 32768 bytes
DEB [20190226-19:04:59.039] thr=1   paramiko.transport: Secsh channel 0 opened.
DEB [20190226-19:04:59.096] thr=1   paramiko.transport: [chan 0] Sesch channel 0 request ok
DEB [20190226-19:04:59.683] thr=1   paramiko.transport: [chan 0] EOF received (0)
DEB [20190226-19:04:59.685] thr=1   paramiko.transport: [chan 0] EOF sent (0)
DEB [20190226-19:05:59.928] thr=1   paramiko.transport: EOF in transport thread
DEB [20190226-19:15:39.935] thr=1   paramiko.transport: starting thread (client mode): 0x86f7c90L
DEB [20190226-19:15:39.936] thr=1   paramiko.transport: Local version/idstring: SSH-2.0-paramiko_2.4.2
DEB [20190226-19:15:40.018] thr=1   paramiko.transport: Remote version/idstring: SSH-2.0-OpenSSH_7.9p1 Debian-5
INF [20190226-19:15:40.018] thr=1   paramiko.transport: Connected (version 2.0, client OpenSSH_7.9p1)
DEB [20190226-19:15:40.027] thr=1   paramiko.transport: kex algos:[u'curve25519-sha256', u'curve25519-sha256@libssh.org', u'ecdh-sha2-nistp256', u'ecdh-sha2-nistp384', u'ecdh-sha2-nistp521', u'diffie-hellman-group-exchange-sha256', u'diffie-hellman-group16-sha512', u'diffie-hellman-group18-sha512', u'diffie-hellman-group14-sha256', u'diffie-hellman-group14-sha1'] server key:[u'rsa-sha2-512', u'rsa-sha2-256', u'ssh-rsa', u'ecdsa-sha2-nistp256', u'ssh-ed25519'] client encrypt:[u'chacha20-poly1305@openssh.com', u'aes128-ctr', u'aes192-ctr', u'aes256-ctr', u'aes128-gcm@openssh.com', u'aes256-gcm@openssh.com'] server encrypt:[u'chacha20-poly1305@openssh.com', u'aes128-ctr', u'aes192-ctr', u'aes256-ctr', u'aes128-gcm@openssh.com', u'aes256-gcm@openssh.com'] client mac:[u'umac-64-etm@openssh.com', u'umac-128-etm@openssh.com', u'hmac-sha2-256-etm@openssh.com', u'hmac-sha2-512-etm@openssh.com', u'hmac-sha1-etm@openssh.com', u'umac-64@openssh.com', u'umac-128@openssh.com', u'hmac-sha2-256', u'hmac-sha2-512', u'hmac-sha1'] server mac:[u'umac-64-etm@openssh.com', u'umac-128-etm@openssh.com', u'hmac-sha2-256-etm@openssh.com', u'hmac-sha2-512-etm@openssh.com', u'hmac-sha1-etm@openssh.com', u'umac-64@openssh.com', u'umac-128@openssh.com', u'hmac-sha2-256', u'hmac-sha2-512', u'hmac-sha1'] client compress:[u'none', u'zlib@openssh.com'] server compress:[u'none', u'zlib@openssh.com'] client lang:[u''] server lang:[u''] kex follows?False
DEB [20190226-19:15:40.027] thr=1   paramiko.transport: Kex agreed: ecdh-sha2-nistp256
DEB [20190226-19:15:40.027] thr=1   paramiko.transport: HostKey agreed: ssh-ed25519
DEB [20190226-19:15:40.027] thr=1   paramiko.transport: Cipher agreed: aes128-ctr
DEB [20190226-19:15:40.028] thr=1   paramiko.transport: MAC agreed: hmac-sha2-256
DEB [20190226-19:15:40.028] thr=1   paramiko.transport: Compression agreed: none
DEB [20190226-19:15:40.161] thr=1   paramiko.transport: kex engine KexNistp256 specified hash_algo <built-in function openssl_sha256>
DEB [20190226-19:15:40.163] thr=1   paramiko.transport: Switch to new keys ...
DEB [20190226-19:15:40.164] thr=2   paramiko.transport: Adding ssh-ed25519 host key for 192.168.1.240: 9c058c92dbb0fe8c956ecda013016217
DEB [20190226-19:15:40.236] thr=1   paramiko.transport: userauth is OK
INF [20190226-19:15:40.472] thr=1   paramiko.transport: Authentication (password) successful!
DEB [20190226-19:15:40.475] thr=2   paramiko.transport: [chan 0] Max packet in: 32768 bytes
DEB [20190226-19:15:40.562] thr=1   paramiko.transport: Received global request "hostkeys-00@openssh.com"
DEB [20190226-19:15:40.562] thr=1   paramiko.transport: Rejecting "hostkeys-00@openssh.com" global request from server.
DEB [20190226-19:15:40.568] thr=1   paramiko.transport: [chan 0] Max packet out: 32768 bytes
DEB [20190226-19:15:40.568] thr=1   paramiko.transport: Secsh channel 0 opened.
DEB [20190226-19:15:40.588] thr=1   paramiko.transport: [chan 0] Sesch channel 0 request ok
DEB [20190226-19:15:41.052] thr=1   paramiko.transport: [chan 0] EOF received (0)
DEB [20190226-19:15:41.055] thr=1   paramiko.transport: [chan 0] EOF sent (0)
